Could not read previous export (for caching), doing full export.
background: Exporting image
sidebar: Exporting image
sidebarDescription: Exporting image
gradient2: Exporting image
feedDescription: Exporting image
gradient: Exporting image
celeb1: Exporting image
celeb2: Exporting image
celeb3: Exporting image
celeb4: Exporting image
celeb5: Exporting image
celeb6: Exporting image
topbar: Exporting image
hamburger: Exporting image
login: Exporting image
password: Exporting image
username: Exporting image
loginLogo: Exporting image
welcome: Exporting image
logo: Exporting image
movingDot: Exporting image
dots: Exporting image
doneButton: Exporting image
statusBar: Exporting image
27 views changed
Success: /Users/New/Documents/product-tour-with-photoshop-and-framerjs/tour.framer/imported/tour
