Could not read previous export (for caching), doing full export.
welcome: Exporting image
logo: Exporting image
login: Exporting image
password: Exporting image
username: Exporting image
loginLogo: Exporting image
sidebar: Exporting image
feedDescription: Exporting image
gradient: Exporting image
beyonce: Exporting image
cage: Exporting image
jolie: Exporting image
woods: Exporting image
trump: Exporting image
martin: Exporting image
topbar: Exporting image
hamburger: Exporting image
movingDot: Exporting image
dots: Exporting image
doneButton: Exporting image
statusBar: Exporting image
23 views changed
Success: /Users/Nick/Desktop/tour/tour.framer/imported/tourlayered
